<testsuites id="" name="" tests="2" failures="1" skipped="0" errors="0" time="72.36299100000001">
<testsuite name="Pages\MyProfile\MyProfileImagesTest.spec.ts" timestamp="2025-10-14T04:33:22.568Z" hostname="chromium" tests="1" failures="1" skipped="0" time="69.46" errors="0">
<testcase name="My Profile Tests - Remmi E2E › Test 12: Verify user can remove the selected profile image" classname="Pages\MyProfile\MyProfileImagesTest.spec.ts" time="69.46">
<failure message="MyProfileImagesTest.spec.ts:155:7 Test 12: Verify user can remove the selected profile image" type="FAILURE">
<![CDATA[  [chromium] › Pages\MyProfile\MyProfileImagesTest.spec.ts:155:7 › My Profile Tests - Remmi E2E › Test 12: Verify user can remove the selected profile image › Delete only the image currently set as default profile (checked) 

    Test timeout of 60000ms exceeded.

    Error: locator.click: Test timeout of 60000ms exceeded.
    Call log:
      - waiting for getByText('Images', { exact: true }).first()


       at Pages\MyProfile\MyProfileActions.ts:160

      158 |   private async goToImagesTab() {
      159 |     const imagesTab = this.locators.imagesTab().first();
    > 160 |     await imagesTab.click({ force: true });
          |                     ^
      161 |   }
      162 |
      163 |   /** Uploads an image file via input[type="file"] */
        at MyProfileActions.goToImagesTab (E:\remmi-qa-automation\remmi-e2e-test\Pages\MyProfile\MyProfileActions.ts:160:21)
        at E:\remmi-qa-automation\remmi-e2e-test\Pages\MyProfile\MyProfileActions.ts:626:16
        at MyProfileActions.removeSelectedProfileImage (E:\remmi-qa-automation\remmi-e2e-test\Pages\MyProfile\MyProfileActions.ts:625:14)
        at removeSelectedProfileImage (E:\remmi-qa-automation\remmi-e2e-test\Pages\MyProfile\MyProfileImagesTest.spec.ts:95:17)
        at E:\remmi-qa-automation\remmi-e2e-test\Pages\MyProfile\MyProfileImagesTest.spec.ts:156:5

    attachment #1: screenshot (image/png) ──────────────────────────────────────────────────────────
    ..\test-results\Pages-MyProfile-MyProfileI-e0440--the-selected-profile-image-chromium\test-failed-1.png
    ────────────────────────────────────────────────────────────────────────────────────────────────

    attachment #2: video (video/webm) ──────────────────────────────────────────────────────────────
    ..\test-results\Pages-MyProfile-MyProfileI-e0440--the-selected-profile-image-chromium\video.webm
    ────────────────────────────────────────────────────────────────────────────────────────────────

    Error Context: ..\test-results\Pages-MyProfile-MyProfileI-e0440--the-selected-profile-image-chromium\error-context.md
]]>
</failure>
<system-out>
<![CDATA[
[[ATTACHMENT|test-results\Pages-MyProfile-MyProfileI-e0440--the-selected-profile-image-chromium\test-failed-1.png]]

[[ATTACHMENT|test-results\Pages-MyProfile-MyProfileI-e0440--the-selected-profile-image-chromium\video.webm]]

[[ATTACHMENT|test-results\Pages-MyProfile-MyProfileI-e0440--the-selected-profile-image-chromium\error-context.md]]
]]>
</system-out>
</testcase>
</testsuite>
<testsuite name="Pages\MyProfile\MyProfileImagesTest.spec.ts" timestamp="2025-10-14T04:33:22.568Z" hostname="chromium" tests="1" failures="0" skipped="0" time="69.212" errors="0">
<testcase name="My Profile Tests - Remmi E2E › Test 12: Verify user can remove the selected profile image" classname="Pages\MyProfile\MyProfileImagesTest.spec.ts" time="69.212">
<system-out>
<![CDATA[ℹ️ No default images found to remove. Test will pass as there is nothing to remove.
]]>
</system-out>
</testcase>
</testsuite>
</testsuites>