<testsuites id="" name="" tests="1" failures="1" skipped="0" errors="0" time="48.953067000000004">
<testsuite name="Pages\MyProfile\MyProfileImagesTest.spec.ts" timestamp="2025-10-14T04:28:40.367Z" hostname="chromium" tests="1" failures="1" skipped="0" time="42.468" errors="0">
<testcase name="My Profile Tests - Remmi E2E › Test 12: Verify user can remove the selected profile image" classname="Pages\MyProfile\MyProfileImagesTest.spec.ts" time="42.468">
<failure message="MyProfileImagesTest.spec.ts:155:7 Test 12: Verify user can remove the selected profile image" type="FAILURE">
<![CDATA[  [chromium] › Pages\MyProfile\MyProfileImagesTest.spec.ts:155:7 › My Profile Tests - Remmi E2E › Test 12: Verify user can remove the selected profile image › Delete only the image currently set as default profile (checked) 

    Error: expect(locator).not.toBeVisible() failed

    Locator:  locator('.p-checkbox.p-checkbox-checked').first().locator('..').locator('..').locator('..').locator('..').locator('..').locator('..')
    Expected: not visible
    Received: visible
    Timeout:  10000ms

    Call log:
      - Expect "not toBeVisible" with timeout 10000ms
      - waiting for locator('.p-checkbox.p-checkbox-checked').first().locator('..').locator('..').locator('..').locator('..').locator('..').locator('..')
        13 × locator resolved to <app-user-profile-images _nghost-serverapp-c1250598571="" _ngcontent-serverapp-c1495379431="">…</app-user-profile-images>
           - unexpected value "visible"


       at Pages\MyProfile\MyProfileActions.ts:719

      717 |
      718 |     // Wait for the removal to complete - wait for the image card to disappear
    > 719 |     await expect(imageCardToRemove).not.toBeVisible({ timeout: 10000 });
          |                                         ^
      720 |     
      721 |     // Additional wait to ensure DOM has fully updated
      722 |     await this.page.waitForTimeout(1000);
        at E:\remmi-qa-automation\remmi-e2e-test\Pages\MyProfile\MyProfileActions.ts:719:41
        at MyProfileActions.removeSelectedProfileImage (E:\remmi-qa-automation\remmi-e2e-test\Pages\MyProfile\MyProfileActions.ts:625:3)
        at removeSelectedProfileImage (E:\remmi-qa-automation\remmi-e2e-test\Pages\MyProfile\MyProfileImagesTest.spec.ts:95:3)
        at E:\remmi-qa-automation\remmi-e2e-test\Pages\MyProfile\MyProfileImagesTest.spec.ts:156:5

    attachment #1: screenshot (image/png) ──────────────────────────────────────────────────────────
    ..\test-results\Pages-MyProfile-MyProfileI-e0440--the-selected-profile-image-chromium\test-failed-1.png
    ────────────────────────────────────────────────────────────────────────────────────────────────

    attachment #2: video (video/webm) ──────────────────────────────────────────────────────────────
    ..\test-results\Pages-MyProfile-MyProfileI-e0440--the-selected-profile-image-chromium\video.webm
    ────────────────────────────────────────────────────────────────────────────────────────────────

    Error Context: ..\test-results\Pages-MyProfile-MyProfileI-e0440--the-selected-profile-image-chromium\error-context.md
]]>
</failure>
<system-out>
<![CDATA[✅ Found remove button with selector: .pi.pi-times:not(.p-disabled)
⚠️ No success message found, continuing with removal verification

[[ATTACHMENT|test-results\Pages-MyProfile-MyProfileI-e0440--the-selected-profile-image-chromium\test-failed-1.png]]

[[ATTACHMENT|test-results\Pages-MyProfile-MyProfileI-e0440--the-selected-profile-image-chromium\video.webm]]

[[ATTACHMENT|test-results\Pages-MyProfile-MyProfileI-e0440--the-selected-profile-image-chromium\error-context.md]]
]]>
</system-out>
</testcase>
</testsuite>
</testsuites>