<testsuites id="" name="" tests="1" failures="0" skipped="1" errors="0" time="33.800347999999296">
<testsuite name="Pages\MyProfile\teams.test.spec.ts" timestamp="2025-10-20T10:23:32.388Z" hostname="chromium" tests="1" failures="0" skipped="1" time="26.073" errors="0">
<testcase name="Teams Tab Tests - Remmi E2E › Test case 3: Verify Add button remains disabled when no team is selected." classname="Pages\MyProfile\teams.test.spec.ts" time="26.073">
<skipped>
</skipped>
</testcase>
</testsuite>
</testsuites>