<testsuites id="" name="" tests="30" failures="1" skipped="0" errors="0" time="741.4518630000017">
<testsuite name="Pages\Login\login.spec.ts" timestamp="2025-10-10T12:49:20.107Z" hostname="chromium" tests="14" failures="1" skipped="0" time="294.457" errors="0">
<testcase name="Login Tests - Remmi E2E › Successful login with OTP" classname="Pages\Login\login.spec.ts" time="31.972">
</testcase>
<testcase name="Login Tests - Remmi E2E › Verify OTP during login" classname="Pages\Login\login.spec.ts" time="24.43">
</testcase>
<testcase name="Login Tests - Remmi E2E › Verify login placeholders" classname="Pages\Login\login.spec.ts" time="27.76">
</testcase>
<testcase name="Login Tests - Remmi E2E › Toggle password visibility" classname="Pages\Login\login.spec.ts" time="31.662">
</testcase>
<testcase name="Login Tests - Remmi E2E › Login without accepting terms" classname="Pages\Login\login.spec.ts" time="14.022">
</testcase>
<testcase name="Login Tests - Remmi E2E › Invalid email format" classname="Pages\Login\login.spec.ts" time="21.154">
</testcase>
<testcase name="Login Tests - Remmi E2E › Incorrect password" classname="Pages\Login\login.spec.ts" time="20.348">
</testcase>
<testcase name="Login Tests - Remmi E2E › Retry login after failed attempt" classname="Pages\Login\login.spec.ts" time="18.468">
</testcase>
<testcase name="Login Tests - Remmi E2E › Login with invalid OTP" classname="Pages\Login\login.spec.ts" time="32.488">
</testcase>
<testcase name="Login Tests - Remmi E2E › Forgot Password without entering OTP" classname="Pages\Login\login.spec.ts" time="14.448">
</testcase>
<testcase name="Login Tests - Remmi E2E › Empty email" classname="Pages\Login\login.spec.ts" time="23.076">
</testcase>
<testcase name="Login Tests - Remmi E2E › Empty password" classname="Pages\Login\login.spec.ts" time="11.909">
</testcase>
<testcase name="Login Tests - Remmi E2E › Both email and password empty" classname="Pages\Login\login.spec.ts" time="17.718">
</testcase>
<testcase name="Login Tests - Remmi E2E › OTP shorter/longer than expected" classname="Pages\Login\login.spec.ts" time="5.002">
<failure message="login.spec.ts:85:7 OTP shorter/longer than expected" type="FAILURE">
<![CDATA[  [chromium] › Pages\Login\login.spec.ts:85:7 › Login Tests - Remmi E2E › OTP shorter/longer than expected 

    Error: page.goto: net::ERR_HTTP2_PROTOCOL_ERROR at https://portal-staging.remmi.com.au/login
    Call log:
      - navigating to "https://portal-staging.remmi.com.au/login", waiting until "load"


       at Pages\Login\LoginAction.ts:15

      13 |   /** Navigate to login page */
      14 |   async gotoLogin() {
    > 15 |     await this.page.goto('/login');
         |                     ^
      16 |     await this.page.waitForLoadState('networkidle')
      17 |   }
      18 |
        at LoginActions.gotoLogin (E:\remmi-qa-automation\remmi-e2e-test\Pages\Login\LoginAction.ts:15:21)
        at LoginActions.loginFlow (E:\remmi-qa-automation\remmi-e2e-test\Pages\Login\LoginAction.ts:72:16)
        at LoginActions.invalidOtpLength (E:\remmi-qa-automation\remmi-e2e-test\Pages\Login\LoginAction.ts:229:16)
        at E:\remmi-qa-automation\remmi-e2e-test\Pages\Login\login.spec.ts:86:17

    attachment #1: screenshot (image/png) ──────────────────────────────────────────────────────────
    ..\test-results\Pages-Login-login-Login-Te-165e2-horter-longer-than-expected-chromium\test-failed-1.png
    ────────────────────────────────────────────────────────────────────────────────────────────────

    Error Context: ..\test-results\Pages-Login-login-Login-Te-165e2-horter-longer-than-expected-chromium\error-context.md
]]>
</failure>
<system-out>
<![CDATA[
[[ATTACHMENT|test-results\Pages-Login-login-Login-Te-165e2-horter-longer-than-expected-chromium\test-failed-1.png]]

[[ATTACHMENT|test-results\Pages-Login-login-Login-Te-165e2-horter-longer-than-expected-chromium\error-context.md]]
]]>
</system-out>
</testcase>
</testsuite>
<testsuite name="Pages\MyProfile\MyProfileImagesTest.spec.ts" timestamp="2025-10-10T12:49:20.107Z" hostname="chromium" tests="9" failures="0" skipped="0" time="234.406" errors="0">
<testcase name="My Profile Tests - Remmi E2E › Test 1: User can upload a profile image" classname="Pages\MyProfile\MyProfileImagesTest.spec.ts" time="31.938">
</testcase>
<testcase name="My Profile Tests - Remmi E2E › Test 2: User can open the upload multiple images flow" classname="Pages\MyProfile\MyProfileImagesTest.spec.ts" time="23.702">
</testcase>
<testcase name="My Profile Tests - Remmi E2E › Test 3: Verify selected image is set as the profile image" classname="Pages\MyProfile\MyProfileImagesTest.spec.ts" time="21.381">
</testcase>
<testcase name="My Profile Tests - Remmi E2E › Test 4: Verify thumbnails appear after image upload" classname="Pages\MyProfile\MyProfileImagesTest.spec.ts" time="27.026">
</testcase>
<testcase name="My Profile Tests - Remmi E2E › Test 5: Verify thumbnails are removed when clicking cross button" classname="Pages\MyProfile\MyProfileImagesTest.spec.ts" time="24.81">
</testcase>
<testcase name="My Profile Tests - Remmi E2E › Test 6: User can edit and delete low resolution and agent face thumbnails" classname="Pages\MyProfile\MyProfileImagesTest.spec.ts" time="29.6">
</testcase>
<testcase name="My Profile Tests - Remmi E2E › Test 7: User can edit and delete low resolution and agent face thumbnails" classname="Pages\MyProfile\MyProfileImagesTest.spec.ts" time="25.128">
</testcase>
<testcase name="My Profile Tests - Remmi E2E › Test 8: Verify invalid image formats cannot be uploaded" classname="Pages\MyProfile\MyProfileImagesTest.spec.ts" time="26.027">
</testcase>
<testcase name="My Profile Tests - Remmi E2E › Test 9: Verify system allows changing profile image" classname="Pages\MyProfile\MyProfileImagesTest.spec.ts" time="24.794">
<system-out>
<![CDATA[☑️ Last visible checkbox clicked successfully
]]>
</system-out>
</testcase>
</testsuite>
<testsuite name="Pages\MyProfile\MyProfileTest.spec.ts" timestamp="2025-10-10T12:49:20.107Z" hostname="chromium" tests="7" failures="0" skipped="0" time="194.559" errors="0">
<testcase name="My Profile Tests - Remmi E2E › 1. Profile fields show data &amp; are non-editable" classname="Pages\MyProfile\MyProfileTest.spec.ts" time="24.812">
<system-out>
<![CDATA[First Name value: "EMPTY"
First Name non-editable? ✅ Yes
Last Name value: "EMPTY"
Last Name non-editable? ✅ Yes
Email value: "EMPTY"
Email non-editable? ✅ Yes
Mobile Number value: "401235678"
Mobile Number non-editable? ✅ Yes
Telephone value: "Telephone"
Telephone non-editable? ✅ Yes
Job Title value: "EMPTY"
Job Title non-editable? ✅ Yes
Biography value: "EMPTY"
Biography non-editable? ✅ Yes
Role value: "Operations Manager"
Role non-editable? ✅ Yes
Group value: "EMPTY"
Group non-editable? ✅ Yes
Office value: "QA Tester"
Office non-editable? ✅ Yes
]]>
</system-out>
</testcase>
<testcase name="My Profile Tests - Remmi E2E › 2. PIN field allows input and updates profile" classname="Pages\MyProfile\MyProfileTest.spec.ts" time="23.942">
<system-out>
<![CDATA[🟢 Clicked Update button
]]>
</system-out>
<system-err>
<![CDATA[⚠️ No toast visible — may auto-save or reload silently
]]>
</system-err>
</testcase>
<testcase name="My Profile Tests - Remmi E2E › 3. Correct PIN allows private download" classname="Pages\MyProfile\MyProfileTest.spec.ts" time="25.214">
</testcase>
<testcase name="My Profile Tests - Remmi E2E › 5. Fields remain non-editable if data missing" classname="Pages\MyProfile\MyProfileTest.spec.ts" time="32.223">
<system-out>
<![CDATA[First Name value: "EMPTY"
First Name non-editable? ✅ Yes
Last Name value: "EMPTY"
Last Name non-editable? ✅ Yes
Email value: "jahanzaib.xenex@gmail.com"
Email non-editable? ✅ Yes
Mobile Number value: "401235678"
Mobile Number non-editable? ✅ Yes
Telephone value: "Telephone"
Telephone non-editable? ✅ Yes
Job Title value: "EMPTY"
Job Title non-editable? ✅ Yes
Biography value: "EMPTY"
Biography non-editable? ✅ Yes
Role value: "Operations Manager"
Role non-editable? ✅ Yes
Group value: "EMPTY"
Group non-editable? ✅ Yes
Office value: "QA Tester"
Office non-editable? ✅ Yes
]]>
</system-out>
</testcase>
<testcase name="My Profile Tests - Remmi E2E › 6. PIN is required for private download" classname="Pages\MyProfile\MyProfileTest.spec.ts" time="33.496">
</testcase>
<testcase name="My Profile Tests - Remmi E2E › 7. Verify PIN is required for private download" classname="Pages\MyProfile\MyProfileTest.spec.ts" time="29.391">
</testcase>
<testcase name="My Profile Tests - Remmi E2E › 8. Incorrect PIN prevents private download" classname="Pages\MyProfile\MyProfileTest.spec.ts" time="25.481">
</testcase>
</testsuite>
</testsuites>