<testsuites id="" name="" tests="44" failures="1" skipped="0" errors="0" time="1158.736635">
<testsuite name="Pages\Login\login.spec.ts" timestamp="2025-10-20T08:33:58.801Z" hostname="chromium" tests="14" failures="0" skipped="0" time="537.233" errors="0">
<testcase name="Login Tests - Remmi E2E › Successful login with OTP" classname="Pages\Login\login.spec.ts" time="43.086">
</testcase>
<testcase name="Login Tests - Remmi E2E › Verify OTP during login" classname="Pages\Login\login.spec.ts" time="39.411">
</testcase>
<testcase name="Login Tests - Remmi E2E › Verify login placeholders" classname="Pages\Login\login.spec.ts" time="35.981">
</testcase>
<testcase name="Login Tests - Remmi E2E › Toggle password visibility" classname="Pages\Login\login.spec.ts" time="32.508">
</testcase>
<testcase name="Login Tests - Remmi E2E › Login without accepting terms" classname="Pages\Login\login.spec.ts" time="26.905">
</testcase>
<testcase name="Login Tests - Remmi E2E › Invalid email format" classname="Pages\Login\login.spec.ts" time="31.818">
</testcase>
<testcase name="Login Tests - Remmi E2E › Incorrect password" classname="Pages\Login\login.spec.ts" time="87.604">
<system-out>
<![CDATA[
[[ATTACHMENT|test-results\Pages-Login-login-Login-Tests---Remmi-E2E-Incorrect-password-chromium\test-failed-1.png]]

[[ATTACHMENT|test-results\Pages-Login-login-Login-Tests---Remmi-E2E-Incorrect-password-chromium\video.webm]]

[[ATTACHMENT|test-results\Pages-Login-login-Login-Tests---Remmi-E2E-Incorrect-password-chromium\error-context.md]]

[[ATTACHMENT|test-results\Pages-Login-login-Login-Tests---Remmi-E2E-Incorrect-password-chromium-retry1\trace.zip]]
]]>
</system-out>
</testcase>
<testcase name="Login Tests - Remmi E2E › Retry login after failed attempt" classname="Pages\Login\login.spec.ts" time="31.066">
</testcase>
<testcase name="Login Tests - Remmi E2E › Login with invalid OTP" classname="Pages\Login\login.spec.ts" time="25.73">
</testcase>
<testcase name="Login Tests - Remmi E2E › Forgot Password without entering OTP" classname="Pages\Login\login.spec.ts" time="28.357">
</testcase>
<testcase name="Login Tests - Remmi E2E › Empty email" classname="Pages\Login\login.spec.ts" time="39.535">
</testcase>
<testcase name="Login Tests - Remmi E2E › Empty password" classname="Pages\Login\login.spec.ts" time="44.074">
</testcase>
<testcase name="Login Tests - Remmi E2E › Both email and password empty" classname="Pages\Login\login.spec.ts" time="37.673">
</testcase>
<testcase name="Login Tests - Remmi E2E › OTP shorter/longer than expected" classname="Pages\Login\login.spec.ts" time="33.485">
</testcase>
</testsuite>
<testsuite name="Pages\MyProfile\MyProfileImagesTest.spec.ts" timestamp="2025-10-20T08:33:58.801Z" hostname="chromium" tests="16" failures="1" skipped="0" time="1124.172" errors="0">
<testcase name="My Profile Tests - Remmi E2E › Test 1: User can upload a profile image" classname="Pages\MyProfile\MyProfileImagesTest.spec.ts" time="56.862">
</testcase>
<testcase name="My Profile Tests - Remmi E2E › Test 2: User can open the upload multiple images flow" classname="Pages\MyProfile\MyProfileImagesTest.spec.ts" time="51.038">
</testcase>
<testcase name="My Profile Tests - Remmi E2E › Test 3: Verify selected image is set as the profile image" classname="Pages\MyProfile\MyProfileImagesTest.spec.ts" time="50.872">
</testcase>
<testcase name="My Profile Tests - Remmi E2E › Test 4: Verify thumbnails appear after image upload" classname="Pages\MyProfile\MyProfileImagesTest.spec.ts" time="49.969">
</testcase>
<testcase name="My Profile Tests - Remmi E2E › Test 5: Verify thumbnails are removed when clicking cross button" classname="Pages\MyProfile\MyProfileImagesTest.spec.ts" time="166.686">
<system-out>
<![CDATA[
[[ATTACHMENT|test-results\Pages-MyProfile-MyProfileI-2b081--when-clicking-cross-button-chromium\test-failed-1.png]]

[[ATTACHMENT|test-results\Pages-MyProfile-MyProfileI-2b081--when-clicking-cross-button-chromium\video.webm]]

[[ATTACHMENT|test-results\Pages-MyProfile-MyProfileI-2b081--when-clicking-cross-button-chromium\error-context.md]]

[[ATTACHMENT|test-results\Pages-MyProfile-MyProfileI-2b081--when-clicking-cross-button-chromium-retry1\test-failed-1.png]]

[[ATTACHMENT|test-results\Pages-MyProfile-MyProfileI-2b081--when-clicking-cross-button-chromium-retry1\video.webm]]

[[ATTACHMENT|test-results\Pages-MyProfile-MyProfileI-2b081--when-clicking-cross-button-chromium-retry1\error-context.md]]

[[ATTACHMENT|test-results\Pages-MyProfile-MyProfileI-2b081--when-clicking-cross-button-chromium-retry1\trace.zip]]
]]>
</system-out>
</testcase>
<testcase name="My Profile Tests - Remmi E2E › Test 6: User can edit and delete low resolution and agent face thumbnails" classname="Pages\MyProfile\MyProfileImagesTest.spec.ts" time="163.828">
<system-out>
<![CDATA[
[[ATTACHMENT|test-results\Pages-MyProfile-MyProfileI-1208b-n-and-agent-face-thumbnails-chromium\test-failed-1.png]]

[[ATTACHMENT|test-results\Pages-MyProfile-MyProfileI-1208b-n-and-agent-face-thumbnails-chromium\video.webm]]

[[ATTACHMENT|test-results\Pages-MyProfile-MyProfileI-1208b-n-and-agent-face-thumbnails-chromium\error-context.md]]

[[ATTACHMENT|test-results\Pages-MyProfile-MyProfileI-1208b-n-and-agent-face-thumbnails-chromium-retry1\test-failed-1.png]]

[[ATTACHMENT|test-results\Pages-MyProfile-MyProfileI-1208b-n-and-agent-face-thumbnails-chromium-retry1\video.webm]]

[[ATTACHMENT|test-results\Pages-MyProfile-MyProfileI-1208b-n-and-agent-face-thumbnails-chromium-retry1\error-context.md]]

[[ATTACHMENT|test-results\Pages-MyProfile-MyProfileI-1208b-n-and-agent-face-thumbnails-chromium-retry1\trace.zip]]
]]>
</system-out>
</testcase>
<testcase name="My Profile Tests - Remmi E2E › Test 7: Verify system shows a warning when low resolution image is too small" classname="Pages\MyProfile\MyProfileImagesTest.spec.ts" time="40.492">
</testcase>
<testcase name="My Profile Tests - Remmi E2E › Test 8: Verify invalid image formats cannot be uploaded" classname="Pages\MyProfile\MyProfileImagesTest.spec.ts" time="40.664">
</testcase>
<testcase name="My Profile Tests - Remmi E2E › Test 9: Verify system allows changing profile image" classname="Pages\MyProfile\MyProfileImagesTest.spec.ts" time="41.913">
<system-out>
<![CDATA[☑️ Last visible checkbox clicked successfully
]]>
</system-out>
</testcase>
<testcase name="My Profile Tests - Remmi E2E › Test 10: Verified profile image persists after reload" classname="Pages\MyProfile\MyProfileImagesTest.spec.ts" time="185.78">
<failure message="MyProfileImagesTest.spec.ts:130:7 Test 10: Verified profile image persists after reload" type="FAILURE">
<![CDATA[  [chromium] › Pages\MyProfile\MyProfileImagesTest.spec.ts:130:7 › My Profile Tests - Remmi E2E › Test 10: Verified profile image persists after reload › Verify that the updated profile image persists after reload 

    Test timeout of 60000ms exceeded.

    Error: page.reload: Test timeout of 60000ms exceeded.
    Call log:
      - waiting for navigation until "load"
        - navigated to "https://portal-staging.remmi.com.au/setting/profile/info"


       at Pages\MyProfile\MyProfileActions.ts:676

      674 |       await this.clickUpdateImages();
      675 |       await this.expectImagesUpdatedToast();
    > 676 |       await this.page.reload();
          |                       ^
      677 |       await this.expectProfileImageVisible();
      678 |     });
      679 |   }
        at E:\remmi-qa-automation\remmi-e2e-test\Pages\MyProfile\MyProfileActions.ts:676:23
        at MyProfileActions.VerifyProfileImagePersistsAfterReload (E:\remmi-qa-automation\remmi-e2e-test\Pages\MyProfile\MyProfileActions.ts:660:5)
        at E:\remmi-qa-automation\remmi-e2e-test\Pages\MyProfile\MyProfileImagesTest.spec.ts:138:5

    attachment #1: screenshot (image/png) ──────────────────────────────────────────────────────────
    ..\test-results\Pages-MyProfile-MyProfileI-203d4-image-persists-after-reload-chromium\test-failed-1.png
    ────────────────────────────────────────────────────────────────────────────────────────────────

    attachment #2: video (video/webm) ──────────────────────────────────────────────────────────────
    ..\test-results\Pages-MyProfile-MyProfileI-203d4-image-persists-after-reload-chromium\video.webm
    ────────────────────────────────────────────────────────────────────────────────────────────────

    Error Context: ..\test-results\Pages-MyProfile-MyProfileI-203d4-image-persists-after-reload-chromium\error-context.md

    Retry #1 ───────────────────────────────────────────────────────────────────────────────────────

    Test timeout of 60000ms exceeded.

    Error: page.reload: Test timeout of 60000ms exceeded.
    Call log:
      - waiting for navigation until "load"
        - navigated to "https://portal-staging.remmi.com.au/setting/profile/info"


       at Pages\MyProfile\MyProfileActions.ts:676

      674 |       await this.clickUpdateImages();
      675 |       await this.expectImagesUpdatedToast();
    > 676 |       await this.page.reload();
          |                       ^
      677 |       await this.expectProfileImageVisible();
      678 |     });
      679 |   }
        at E:\remmi-qa-automation\remmi-e2e-test\Pages\MyProfile\MyProfileActions.ts:676:23
        at MyProfileActions.VerifyProfileImagePersistsAfterReload (E:\remmi-qa-automation\remmi-e2e-test\Pages\MyProfile\MyProfileActions.ts:660:5)
        at E:\remmi-qa-automation\remmi-e2e-test\Pages\MyProfile\MyProfileImagesTest.spec.ts:138:5

    attachment #1: screenshot (image/png) ──────────────────────────────────────────────────────────
    ..\test-results\Pages-MyProfile-MyProfileI-203d4-image-persists-after-reload-chromium-retry1\test-failed-1.png
    ────────────────────────────────────────────────────────────────────────────────────────────────

    attachment #2: video (video/webm) ──────────────────────────────────────────────────────────────
    ..\test-results\Pages-MyProfile-MyProfileI-203d4-image-persists-after-reload-chromium-retry1\video.webm
    ────────────────────────────────────────────────────────────────────────────────────────────────

    Error Context: ..\test-results\Pages-MyProfile-MyProfileI-203d4-image-persists-after-reload-chromium-retry1\error-context.md

    attachment #4: trace (application/zip) ─────────────────────────────────────────────────────────
    ..\test-results\Pages-MyProfile-MyProfileI-203d4-image-persists-after-reload-chromium-retry1\trace.zip
    Usage:

        npx playwright show-trace ..\test-results\Pages-MyProfile-MyProfileI-203d4-image-persists-after-reload-chromium-retry1\trace.zip

    ────────────────────────────────────────────────────────────────────────────────────────────────

    Retry #2 ───────────────────────────────────────────────────────────────────────────────────────

    Error: page.reload: net::ERR_FAILED
    Call log:
      - waiting for navigation until "load"


       at Pages\MyProfile\MyProfileActions.ts:676

      674 |       await this.clickUpdateImages();
      675 |       await this.expectImagesUpdatedToast();
    > 676 |       await this.page.reload();
          |                       ^
      677 |       await this.expectProfileImageVisible();
      678 |     });
      679 |   }
        at E:\remmi-qa-automation\remmi-e2e-test\Pages\MyProfile\MyProfileActions.ts:676:23
        at MyProfileActions.VerifyProfileImagePersistsAfterReload (E:\remmi-qa-automation\remmi-e2e-test\Pages\MyProfile\MyProfileActions.ts:660:5)
        at E:\remmi-qa-automation\remmi-e2e-test\Pages\MyProfile\MyProfileImagesTest.spec.ts:138:5

    attachment #1: screenshot (image/png) ──────────────────────────────────────────────────────────
    ..\test-results\Pages-MyProfile-MyProfileI-203d4-image-persists-after-reload-chromium-retry2\test-failed-1.png
    ────────────────────────────────────────────────────────────────────────────────────────────────

    attachment #2: video (video/webm) ──────────────────────────────────────────────────────────────
    ..\test-results\Pages-MyProfile-MyProfileI-203d4-image-persists-after-reload-chromium-retry2\video.webm
    ────────────────────────────────────────────────────────────────────────────────────────────────
]]>
</failure>
<system-out>
<![CDATA[☑️ Last visible checkbox clicked successfully

[[ATTACHMENT|test-results\Pages-MyProfile-MyProfileI-203d4-image-persists-after-reload-chromium\test-failed-1.png]]

[[ATTACHMENT|test-results\Pages-MyProfile-MyProfileI-203d4-image-persists-after-reload-chromium\video.webm]]

[[ATTACHMENT|test-results\Pages-MyProfile-MyProfileI-203d4-image-persists-after-reload-chromium\error-context.md]]
☑️ Last visible checkbox clicked successfully

[[ATTACHMENT|test-results\Pages-MyProfile-MyProfileI-203d4-image-persists-after-reload-chromium-retry1\test-failed-1.png]]

[[ATTACHMENT|test-results\Pages-MyProfile-MyProfileI-203d4-image-persists-after-reload-chromium-retry1\video.webm]]

[[ATTACHMENT|test-results\Pages-MyProfile-MyProfileI-203d4-image-persists-after-reload-chromium-retry1\error-context.md]]

[[ATTACHMENT|test-results\Pages-MyProfile-MyProfileI-203d4-image-persists-after-reload-chromium-retry1\trace.zip]]
☑️ Last visible checkbox clicked successfully

[[ATTACHMENT|test-results\Pages-MyProfile-MyProfileI-203d4-image-persists-after-reload-chromium-retry2\test-failed-1.png]]

[[ATTACHMENT|test-results\Pages-MyProfile-MyProfileI-203d4-image-persists-after-reload-chromium-retry2\video.webm]]
]]>
</system-out>
</testcase>
<testcase name="My Profile Tests - Remmi E2E › Test 11: Verify the default placeholder is visible when no image is uploaded" classname="Pages\MyProfile\MyProfileImagesTest.spec.ts" time="53.775">
</testcase>
<testcase name="My Profile Tests - Remmi E2E › Test 12: Verify user can remove the selected profile image" classname="Pages\MyProfile\MyProfileImagesTest.spec.ts" time="52.518">
<system-out>
<![CDATA[✅ Default profile image deleted successfully.
]]>
</system-out>
</testcase>
<testcase name="My Profile Tests - Remmi E2E › Test 13: Verify correct aspect ratio is maintained for uploaded images" classname="Pages\MyProfile\MyProfileImagesTest.spec.ts" time="45.947">
</testcase>
<testcase name="My Profile Tests - Remmi E2E › Test 14: Verify system does not allow uploading broken/corrupt image files" classname="Pages\MyProfile\MyProfileImagesTest.spec.ts" time="39.163">
</testcase>
<testcase name="My Profile Tests - Remmi E2E › Test 15: Verify system allows only specific file formats (e.g., JPG, PNG)" classname="Pages\MyProfile\MyProfileImagesTest.spec.ts" time="47.54">
<system-out>
<![CDATA[🟢 Uploading valid image: E:\remmi-qa-automation\remmi-e2e-test\Pages\MyProfile\Images\Profile.jpg
✅ Toast appeared with message:  images updated successfully 
🟢 Uploading valid image: E:\remmi-qa-automation\remmi-e2e-test\Pages\MyProfile\Images\High.png
🔴 Uploading invalid or corrupted image: E:\remmi-qa-automation\remmi-e2e-test\Pages\MyProfile\Images\invalidImage.webp
✅ Invalid/Corrupted image correctly rejected with message: "Unsupported file format! Please upload a valid image"
🔴 Uploading invalid or corrupted image: E:\remmi-qa-automation\remmi-e2e-test\Pages\MyProfile\Images\broken_image.jpg
✅ Invalid/Corrupted image correctly rejected with message: "Corrupted image file! Please upload a valid image"
]]>
</system-out>
<system-err>
<![CDATA[⚠️ File not found or inaccessible: E:\remmi-qa-automation\remmi-e2e-test\Pages\MyProfile\Images\High.png
]]>
</system-err>
</testcase>
<testcase name="My Profile Tests - Remmi E2E › Test 16: Verify proper error message is shown when upload fails" classname="Pages\MyProfile\MyProfileImagesTest.spec.ts" time="37.125">
<system-out>
<![CDATA[✅ Upload failure due to network offline verified successfully.
]]>
</system-out>
</testcase>
</testsuite>
<testsuite name="Pages\MyProfile\MyProfileTest.spec.ts" timestamp="2025-10-20T08:33:58.801Z" hostname="chromium" tests="7" failures="0" skipped="0" time="307.353" errors="0">
<testcase name="My Profile Tests - Remmi E2E › 1. Profile fields show data &amp; are non-editable" classname="Pages\MyProfile\MyProfileTest.spec.ts" time="48.726">
<system-out>
<![CDATA[First Name value: "Jahanzaib"
First Name non-editable? ✅ Yes
Last Name value: "Xenex"
Last Name non-editable? ✅ Yes
Email value: "jahanzaib.xenex@gmail.com"
Email non-editable? ✅ Yes
Mobile Number value: "401235678"
Mobile Number non-editable? ✅ Yes
Telephone value: "Telephone"
Telephone non-editable? ✅ Yes
Job Title value: "EMPTY"
Job Title non-editable? ✅ Yes
Biography value: "EMPTY"
Biography non-editable? ✅ Yes
Role value: "Operations Manager"
Role non-editable? ✅ Yes
Group value: "EMPTY"
Group non-editable? ✅ Yes
Office value: "QA Tester"
Office non-editable? ✅ Yes
]]>
</system-out>
</testcase>
<testcase name="My Profile Tests - Remmi E2E › 2. PIN field allows input and updates profile" classname="Pages\MyProfile\MyProfileTest.spec.ts" time="35.669">
<system-out>
<![CDATA[🟢 Clicked Update button
]]>
</system-out>
<system-err>
<![CDATA[⚠️ No toast visible — may auto-save or reload silently
]]>
</system-err>
</testcase>
<testcase name="My Profile Tests - Remmi E2E › 3. Correct PIN allows private download" classname="Pages\MyProfile\MyProfileTest.spec.ts" time="37.658">
</testcase>
<testcase name="My Profile Tests - Remmi E2E › 5. Fields remain non-editable if data missing" classname="Pages\MyProfile\MyProfileTest.spec.ts" time="41.085">
<system-out>
<![CDATA[First Name value: "Jahanzaib"
First Name non-editable? ✅ Yes
Last Name value: "Xenex"
Last Name non-editable? ✅ Yes
Email value: "jahanzaib.xenex@gmail.com"
Email non-editable? ✅ Yes
Mobile Number value: "401235678"
Mobile Number non-editable? ✅ Yes
Telephone value: "Telephone"
Telephone non-editable? ✅ Yes
Job Title value: "EMPTY"
Job Title non-editable? ✅ Yes
Biography value: "EMPTY"
Biography non-editable? ✅ Yes
Role value: "Operations Manager"
Role non-editable? ✅ Yes
Group value: "EMPTY"
Group non-editable? ✅ Yes
Office value: "QA Tester"
Office non-editable? ✅ Yes
]]>
</system-out>
</testcase>
<testcase name="My Profile Tests - Remmi E2E › 6. PIN is required for private download" classname="Pages\MyProfile\MyProfileTest.spec.ts" time="39.632">
</testcase>
<testcase name="My Profile Tests - Remmi E2E › 7. Verify PIN is required for private download" classname="Pages\MyProfile\MyProfileTest.spec.ts" time="56.778">
</testcase>
<testcase name="My Profile Tests - Remmi E2E › 8. Incorrect PIN prevents private download" classname="Pages\MyProfile\MyProfileTest.spec.ts" time="47.805">
</testcase>
</testsuite>
<testsuite name="Pages\MyProfile\Notifications.spec.ts" timestamp="2025-10-20T08:33:58.801Z" hostname="chromium" tests="1" failures="0" skipped="0" time="30.336" errors="0">
<testcase name="Notifications Tab Tests - Remmi E2E › Test case 1: User click ON the button for notification  " classname="Pages\MyProfile\Notifications.spec.ts" time="30.336">
</testcase>
</testsuite>
<testsuite name="Pages\MyProfile\profileAccess.spec.ts" timestamp="2025-10-20T08:33:58.801Z" hostname="chromium" tests="5" failures="0" skipped="0" time="227.339" errors="0">
<testcase name="Access Tab Tests - Remmi E2E › Test case 2: The user can successfully select a user from Access tab" classname="Pages\MyProfile\profileAccess.spec.ts" time="38.464">
<system-out>
<![CDATA[🟢 Selected user: Dawood Ahmad
Calendar access updated toast message appeared
]]>
</system-out>
</testcase>
<testcase name="Access Tab Tests - Remmi E2E › Test 4: Verify multiple users can be granted calendar access" classname="Pages\MyProfile\profileAccess.spec.ts" time="47.688">
<system-out>
<![CDATA[Hina Agent selected for access.
Hina Tahir selected for access.
Calendar access updated toast message appeared
Hina Agent verified in granted access list.
Hina Tahir verified in granted access list.
]]>
</system-out>
</testcase>
<testcase name="Access Tab Tests - Remmi E2E › Test 6: Verify user can remove granted calendar access" classname="Pages\MyProfile\profileAccess.spec.ts" time="55.435">
<system-out>
<![CDATA[Calendar access updated toast message appeared
]]>
</system-out>
</testcase>
<testcase name="Access Tab Tests - Remmi E2E › Test 7: Verify that selecting Select All grants access to all users" classname="Pages\MyProfile\profileAccess.spec.ts" time="43.914">
<system-out>
<![CDATA[Calendar access updated toast message appeared
All users selected and saved.
]]>
</system-out>
</testcase>
<testcase name="Access Tab Tests - Remmi E2E › Test 8: Verify that selecting Deselect All removes access from all users" classname="Pages\MyProfile\profileAccess.spec.ts" time="41.838">
<system-out>
<![CDATA[Calendar access updated toast message appeared
All users deselected and saved.
]]>
</system-out>
</testcase>
</testsuite>
<testsuite name="Pages\MyProfile\SocialSetting.spec.ts" timestamp="2025-10-20T08:33:58.801Z" hostname="chromium" tests="1" failures="0" skipped="0" time="34.294" errors="0">
<testcase name="Social Settings Tests - Remmi E2E › Test 1: The user can successfully upload social media links and the page updates correctly" classname="Pages\MyProfile\SocialSetting.spec.ts" time="34.294">
</testcase>
</testsuite>
</testsuites>