<testsuites id="" name="" tests="1" failures="0" skipped="0" errors="0" time="40.006398999999995">
<testsuite name="Pages\MyProfile\MyProfileImagesTest.spec.ts" timestamp="2025-10-14T04:29:55.095Z" hostname="chromium" tests="1" failures="0" skipped="0" time="32.23" errors="0">
<testcase name="My Profile Tests - Remmi E2E › Test 12: Verify user can remove the selected profile image" classname="Pages\MyProfile\MyProfileImagesTest.spec.ts" time="32.23">
<system-out>
<![CDATA[✅ Found remove button with selector: .pi.pi-times:not(.p-disabled)
⚠️ No success message found, continuing with removal verification
✅ Default profile image deleted and only its removal verified.
]]>
</system-out>
</testcase>
</testsuite>
</testsuites>