<testsuites id="" name="" tests="27" failures="2" skipped="0" errors="0" time="560.9909179999996">
<testsuite name="Pages\Login\login.spec.ts" timestamp="2025-10-09T12:46:37.336Z" hostname="chromium" tests="14" failures="0" skipped="0" time="176.308" errors="0">
<testcase name="Login Tests - Remmi E2E › Successful login with OTP" classname="Pages\Login\login.spec.ts" time="20.337">
</testcase>
<testcase name="Login Tests - Remmi E2E › Verify OTP during login" classname="Pages\Login\login.spec.ts" time="15.79">
</testcase>
<testcase name="Login Tests - Remmi E2E › Verify login placeholders" classname="Pages\Login\login.spec.ts" time="14.954">
</testcase>
<testcase name="Login Tests - Remmi E2E › Toggle password visibility" classname="Pages\Login\login.spec.ts" time="15.237">
</testcase>
<testcase name="Login Tests - Remmi E2E › Login without accepting terms" classname="Pages\Login\login.spec.ts" time="13.832">
</testcase>
<testcase name="Login Tests - Remmi E2E › Invalid email format" classname="Pages\Login\login.spec.ts" time="10.857">
</testcase>
<testcase name="Login Tests - Remmi E2E › Incorrect password" classname="Pages\Login\login.spec.ts" time="10.242">
</testcase>
<testcase name="Login Tests - Remmi E2E › Retry login after failed attempt" classname="Pages\Login\login.spec.ts" time="12.797">
</testcase>
<testcase name="Login Tests - Remmi E2E › Login with invalid OTP" classname="Pages\Login\login.spec.ts" time="14.203">
</testcase>
<testcase name="Login Tests - Remmi E2E › Forgot Password without entering OTP" classname="Pages\Login\login.spec.ts" time="16.743">
</testcase>
<testcase name="Login Tests - Remmi E2E › Empty email" classname="Pages\Login\login.spec.ts" time="10.138">
</testcase>
<testcase name="Login Tests - Remmi E2E › Empty password" classname="Pages\Login\login.spec.ts" time="5.175">
</testcase>
<testcase name="Login Tests - Remmi E2E › Both email and password empty" classname="Pages\Login\login.spec.ts" time="5.524">
</testcase>
<testcase name="Login Tests - Remmi E2E › OTP shorter/longer than expected" classname="Pages\Login\login.spec.ts" time="10.479">
</testcase>
</testsuite>
<testsuite name="Pages\MyProfile\MyProfileImagesTest.spec.ts" timestamp="2025-10-09T12:46:37.336Z" hostname="chromium" tests="6" failures="0" skipped="0" time="151.228" errors="0">
<testcase name="My Profile Tests - Remmi E2E › Test 1: User can upload a profile image" classname="Pages\MyProfile\MyProfileImagesTest.spec.ts" time="29.157">
</testcase>
<testcase name="My Profile Tests - Remmi E2E › Test 2: User can open the upload multiple images flow" classname="Pages\MyProfile\MyProfileImagesTest.spec.ts" time="22.827">
<system-out>
<![CDATA[✅ Successfully uploaded image from path: E:\remmi-qa-automation\remmi-e2e-test\Pages\MyProfile\Images\Profile.jpg
]]>
</system-out>
</testcase>
<testcase name="My Profile Tests - Remmi E2E › Test 3: Verify selected image is set as the profile image" classname="Pages\MyProfile\MyProfileImagesTest.spec.ts" time="26.6">
</testcase>
<testcase name="My Profile Tests - Remmi E2E › Test 4: Verify thumbnails appear after image upload" classname="Pages\MyProfile\MyProfileImagesTest.spec.ts" time="25.021">
<system-out>
<![CDATA[✅ Verified: Three thumbnails (Low Resolution, Agent Face, Agent Face Selection) appear successfully
]]>
</system-out>
</testcase>
<testcase name="My Profile Tests - Remmi E2E › Test 5: Verify thumbnails are removed when clicking cross button" classname="Pages\MyProfile\MyProfileImagesTest.spec.ts" time="25.63">
<system-out>
<![CDATA[✅ Verified: Three thumbnails appear successfully
✅ Cross (delete) button clicked and image deleted successfully
]]>
</system-out>
</testcase>
<testcase name="My Profile Tests - Remmi E2E › Test 6: User can edit and delete low resolution and agent face thumbnails" classname="Pages\MyProfile\MyProfileImagesTest.spec.ts" time="21.993">
<system-out>
<![CDATA[✅ Verified: Low Resolution and Agent Face thumbnails are visible
✅ Successfully edited, deleted, and re-uploaded Agent Face thumbnail
]]>
</system-out>
</testcase>
</testsuite>
<testsuite name="Pages\MyProfile\MyProfileTest.spec.ts" timestamp="2025-10-09T12:46:37.336Z" hostname="chromium" tests="7" failures="2" skipped="0" time="219.355" errors="0">
<testcase name="My Profile Tests - Remmi E2E › 1. Profile fields show data &amp; non-editable" classname="Pages\MyProfile\MyProfileTest.spec.ts" time="33.655">
<system-out>
<![CDATA[First Name value: "EMPTY"
First Name non-editable? ✅ Yes
Last Name value: "EMPTY"
Last Name non-editable? ✅ Yes
Email value: "EMPTY"
Email non-editable? ✅ Yes
Mobile Number value: "401235678"
Mobile Number non-editable? ✅ Yes
Telephone value: "Telephone"
Telephone non-editable? ✅ Yes
Job Title value: "EMPTY"
Job Title non-editable? ✅ Yes
Biography value: "EMPTY"
Biography non-editable? ✅ Yes
Role value: "Operations Manager"
Role non-editable? ✅ Yes
Group value: "EMPTY"
Group non-editable? ✅ Yes
Office value: "QA Tester"
Office non-editable? ✅ Yes
]]>
</system-out>
</testcase>
<testcase name="My Profile Tests - Remmi E2E › 2. PIN field allows input" classname="Pages\MyProfile\MyProfileTest.spec.ts" time="28.999">
</testcase>
<testcase name="My Profile Tests - Remmi E2E › 3. Correct PIN allows private download" classname="Pages\MyProfile\MyProfileTest.spec.ts" time="3.525">
<failure message="MyProfileTest.spec.ts:35:7 3. Correct PIN allows private download" type="FAILURE">
<![CDATA[  [chromium] › Pages\MyProfile\MyProfileTest.spec.ts:35:7 › My Profile Tests - Remmi E2E › 3. Correct PIN allows private download 

    Error: page.goto: net::ERR_HTTP2_PROTOCOL_ERROR at https://portal-staging.remmi.com.au/login
    Call log:
      - navigating to "https://portal-staging.remmi.com.au/login", waiting until "load"


       at Pages\Login\LoginAction.ts:15

      13 |   /** Navigate to login page */
      14 |   async gotoLogin() {
    > 15 |     await this.page.goto('/login');
         |                     ^
      16 |   }
      17 |
      18 |   /** Fill email and password fields */
        at LoginActions.gotoLogin (E:\remmi-qa-automation\remmi-e2e-test\Pages\Login\LoginAction.ts:15:21)
        at LoginActions.loginFlow (E:\remmi-qa-automation\remmi-e2e-test\Pages\Login\LoginAction.ts:71:16)
        at LoginActions.login (E:\remmi-qa-automation\remmi-e2e-test\Pages\Login\LoginAction.ts:99:16)
        at E:\remmi-qa-automation\remmi-e2e-test\Pages\MyProfile\MyProfileTest.spec.ts:22:17

    attachment #1: screenshot (image/png) ──────────────────────────────────────────────────────────
    ..\test-results\Pages-MyProfile-MyProfileT-4fe55-PIN-allows-private-download-chromium\test-failed-1.png
    ────────────────────────────────────────────────────────────────────────────────────────────────

    Error Context: ..\test-results\Pages-MyProfile-MyProfileT-4fe55-PIN-allows-private-download-chromium\error-context.md
]]>
</failure>
<system-out>
<![CDATA[
[[ATTACHMENT|test-results\Pages-MyProfile-MyProfileT-4fe55-PIN-allows-private-download-chromium\test-failed-1.png]]

[[ATTACHMENT|test-results\Pages-MyProfile-MyProfileT-4fe55-PIN-allows-private-download-chromium\error-context.md]]
]]>
</system-out>
</testcase>
<testcase name="My Profile Tests - Remmi E2E › 5. Fields remain non-editable if data missing" classname="Pages\MyProfile\MyProfileTest.spec.ts" time="26.307">
<system-out>
<![CDATA[First Name value: "EMPTY"
First Name non-editable? ✅ Yes
Last Name value: "Xenex"
Last Name non-editable? ✅ Yes
Email value: "jahanzaib.xenex@gmail.com"
Email non-editable? ✅ Yes
Mobile Number value: "401235678"
Mobile Number non-editable? ✅ Yes
Telephone value: "Telephone"
Telephone non-editable? ✅ Yes
Job Title value: "EMPTY"
Job Title non-editable? ✅ Yes
Biography value: "EMPTY"
Biography non-editable? ✅ Yes
Role value: "Operations Manager"
Role non-editable? ✅ Yes
Group value: "EMPTY"
Group non-editable? ✅ Yes
Office value: "QA Tester"
Office non-editable? ✅ Yes
]]>
</system-out>
</testcase>
<testcase name="My Profile Tests - Remmi E2E › 6. PIN is required for private download" classname="Pages\MyProfile\MyProfileTest.spec.ts" time="33.444">
<system-out>
<![CDATA[getByRole('alert', { name: /Please enter PIN first/i }).first()
]]>
</system-out>
</testcase>
<testcase name="My Profile Tests - Remmi E2E › 7. Verify PIN is required for private download" classname="Pages\MyProfile\MyProfileTest.spec.ts" time="33.247">
<system-out>
<![CDATA[getByRole('alert', { name: /Please enter PIN first/i }).first()
]]>
</system-out>
</testcase>
<testcase name="My Profile Tests - Remmi E2E › 8. Incorrect PIN prevents private download" classname="Pages\MyProfile\MyProfileTest.spec.ts" time="60.178">
<failure message="MyProfileTest.spec.ts:60:7 8. Incorrect PIN prevents private download" type="FAILURE">
<![CDATA[  [chromium] › Pages\MyProfile\MyProfileTest.spec.ts:60:7 › My Profile Tests - Remmi E2E › 8. Incorrect PIN prevents private download 

    Test timeout of 60000ms exceeded while running "beforeEach" hook.

      10 |   let profile: MyProfileActions;
      11 |
    > 12 |   test.beforeEach(async ({ page }) => {
         |        ^
      13 |     login = new LoginActions(page);
      14 |     profile = new MyProfileActions(page);
      15 |
        at E:\remmi-qa-automation\remmi-e2e-test\Pages\MyProfile\MyProfileTest.spec.ts:12:8

    Error: page.goto: Test timeout of 60000ms exceeded.
    Call log:
      - navigating to "https://portal-staging.remmi.com.au/login", waiting until "load"


       at Pages\Login\LoginAction.ts:15

      13 |   /** Navigate to login page */
      14 |   async gotoLogin() {
    > 15 |     await this.page.goto('/login');
         |                     ^
      16 |   }
      17 |
      18 |   /** Fill email and password fields */
        at LoginActions.gotoLogin (E:\remmi-qa-automation\remmi-e2e-test\Pages\Login\LoginAction.ts:15:21)
        at LoginActions.loginFlow (E:\remmi-qa-automation\remmi-e2e-test\Pages\Login\LoginAction.ts:71:16)
        at LoginActions.login (E:\remmi-qa-automation\remmi-e2e-test\Pages\Login\LoginAction.ts:99:16)
        at E:\remmi-qa-automation\remmi-e2e-test\Pages\MyProfile\MyProfileTest.spec.ts:22:17

    attachment #1: screenshot (image/png) ──────────────────────────────────────────────────────────
    ..\test-results\Pages-MyProfile-MyProfileT-5151a-N-prevents-private-download-chromium\test-failed-1.png
    ────────────────────────────────────────────────────────────────────────────────────────────────

    Error Context: ..\test-results\Pages-MyProfile-MyProfileT-5151a-N-prevents-private-download-chromium\error-context.md
]]>
</failure>
<system-out>
<![CDATA[
[[ATTACHMENT|test-results\Pages-MyProfile-MyProfileT-5151a-N-prevents-private-download-chromium\test-failed-1.png]]

[[ATTACHMENT|test-results\Pages-MyProfile-MyProfileT-5151a-N-prevents-private-download-chromium\error-context.md]]
]]>
</system-out>
</testcase>
</testsuite>
</testsuites>